Case #1: our language is impossible to understand
Case #2: there are twenty six factorial possibilities
Case #3: so it is okay if you want to just give up
Case #4: xoggk d yl wxo vkkvgo ekso uyl wonw sywy
Case #5: xkf yto akj
Case #6: yabba dabba yabba dabba yabba dabba yabba dabba yabba dabba yabba dabba yabba dabba yabba dooooooooo
Case #7: a b c d e f g h i j k l m n o p q r s t u v y w x y z now i know my abcs
Case #8: next time wont you sing with me
Case #9: whoooooooooooooooooooaaaaaaaaa i know c plus plus
Case #10: let lips do what hands do
Case #11: i have bested fruit spike and moon now i shall best you the guy
Case #12: buff tryndamere and amumu
Case #13: you know you want to
Case #14: im commander shepard and this is my favorite problem on the google code jam
Case #15: right i forgot here in the states you call it a sausage in the mouth
Case #16: by the pricking of my thumbs something wicked this way comes
Case #17: dr zaius dr zaius dr zaius dr zaius ooooooooooooh dr zaius
Case #18: all your base are belong to error the spoony bard
Case #19: oh hai im in ur computer eating your cheezburgers and googleresing your textz
Case #20: swift as the wind quiet as the forest steady as the mountain
Case #21: this is so exciting i have to go the bathroom
Case #22: our code jam is like the pythagorean theorem
Case #23: there is no answer
Case #24: for those who speak in a tongue do not speak to other people
Case #25: nobody understands them since they are speaking mysteries in the spirit
Case #26: you better cut the pizza in four pieces because im not hungry enough to eat six
Case #27: this here is gunpowder activated twenty seven caliber full auto no kickback nailthrowing mayhem
Case #28: oh yeah alright were gonna shake it up with the party bear tonight
Case #29: thank you but the real googlerese is in another castle
Case #30: pneumonoultramicroscopicsilicovolcanoconiosis
