Case #1:
0.5
0.5
0.5
Case #2:
0.6458333333333333
0.3680555555555555
0.6041666666666666
0.3958333333333333
Case #3:
0.4247685185185185
0.6944444444444444
0.5
0.462962962962963
0.5052083333333333
0.3784722222222222
0.5616319444444444
0.3055555555555555
0.6414930555555556
0.5
Case #4:
0.3298611111111111
0.2222222222222222
0.921875
0.5381944444444444
0.6319444444444444
0.3611111111111111
0.6527777777777778
0.2760416666666666
Case #5:
0.2638888888888888
0.7361111111111111
0.5
0.7083333333333334
0.2916666666666666
Case #6:
0.5798611111111111
0.5225694444444444
0.6319444444444444
0.6475694444444444
0.2222222222222222
0.3159722222222222
Case #7:
0.6197916666666666
0.5864583333333334
0.3395833333333334
0.54375
0.346875
0.5517361111111111
Case #8:
0.5243055555555555
0.5086805555555556
0.5529513888888888
0.4696180555555555
0.4322916666666666
0.4791666666666666
Case #9:
0.4583333333333333
0.625
0.375
0.5416666666666666
Case #10:
0.5553736772486773
0.5447718253968255
0.3740542328042328
0.4600595238095238
0.5137070105820106
0.4072817460317461
0.6031051587301587
0.5504431216931216
Case #11:
0.5
0.375
0.625
Case #12:
0.28125
0.4166666666666667
0.25
0.96875
0.4166666666666666
0.3541666666666667
0.6875
0.4444444444444444
0.5
0.78125
Case #13:
0.625
0.5972222222222222
0.5694444444444444
0.5416666666666666
0.5138888888888888
0.4861111111111111
0.4583333333333333
0.4305555555555556
0.4027777777777778
0.375
Case #14:
0
0.1875
0.25
0.5
0.75
0.8125
1
Case #15:
0.3020833333333333
0.390625
0.1770833333333333
0.6666666666666666
0.7916666666666666
0.7604166666666666
0.5625
0.4513888888888888
Case #16:
0.5972222222222222
0.4583333333333333
0.4305555555555556
0.625
0.5416666666666666
0.5138888888888888
0.5694444444444444
0.375
0.4861111111111111
0.4027777777777778
Case #17:
0.5591464710884353
0.5633959573412699
0.4190602729186913
0.4365681689342403
0.4549706514550265
0.5066191450538549
0.5728719352324263
0.5093860721371882
0.5600834199420509
0.3736903876133787
Case #18:
0.4375
0.3333333333333333
0.6875
0.671875
0.5
0.3541666666666666
Case #19:
0.4999999999999999
0.4999999999999999
0.4999999999999999
0.4999999999999999
0.4999999999999999
0.4999999999999999
0.5
0.5
0.5
Case #20:
0.5110199751196775
0.5195915667854444
0.3728000823345211
0.4997624446604039
0.4601005448475686
0.5389259436413454
0.455539808515999
0.6467372134038801
0.4742020187704711
0.5364121256141345
